<?xml version="1.0" encoding="UTF-8"?>
<!-- Generated by org.testng.reporters.JUnitReportReporter -->
<testsuite hostname="BLRWFD6139" name="TestNGdemoPak.TestNGdemo1" tests="2" failures="0" timestamp="18 Jan 2018 07:19:20 GMT" time="0.003" errors="0">
  <testcase name="Faxorder" time="0.003" classname="TestNGdemoPak.TestNGdemo1"/>
  <testcase name="insert" time="0.000" classname="TestNGdemoPak.TestNGdemo1"/>
</testsuite> <!-- TestNGdemoPak.TestNGdemo1 -->
