<?xml version="1.0" encoding="UTF-8"?>
<!-- Generated by org.testng.reporters.JUnitReportReporter -->
<testsuite hostname="BLRWFD6139" name="TestNGdemoPak.TestNGdemo" tests="2" failures="0" timestamp="18 Jan 2018 10:56:29 GMT" time="0.004" errors="0">
  <testcase name="update" time="0.004" classname="TestNGdemoPak.TestNGdemo"/>
  <testcase name="delete" time="0.000" classname="TestNGdemoPak.TestNGdemo"/>
</testsuite> <!-- TestNGdemoPak.TestNGdemo -->
