<?xml version="1.0" encoding="UTF-8"?>
<!-- Generated by org.testng.reporters.JUnitReportReporter -->
<testsuite hostname="BLRWFD6139" name="TestNGdemoPak.TestNGSample" tests="2" failures="0" timestamp="18 Jan 2018 06:54:05 GMT" time="0.003" errors="0">
  <testcase name="update" time="0.003" classname="TestNGdemoPak.TestNGSample"/>
  <testcase name="delete" time="0.000" classname="TestNGdemoPak.TestNGSample"/>
</testsuite> <!-- TestNGdemoPak.TestNGSample -->
